<?xml version="1.0" encoding="UTF-8"?>
<testng-results ignored="0" total="5" passed="5" failed="0" skipped="0">
  <reporter-output>
  </reporter-output>
  <suite started-at="2022-06-20T12:30:44 IST" name="Testing Google Apps" finished-at="2022-06-20T12:30:45 IST" duration-ms="31">
    <groups>
    </groups>
    <test started-at="2022-06-20T12:30:44 IST" name="Regression" finished-at="2022-06-20T12:30:45 IST" duration-ms="31">
      <class name="example">
        <test-method signature="test_one()[pri:1, instance:example@1ad282e0]" started-at="2022-06-20T12:30:44 IST" name="test_one" finished-at="2022-06-20T12:30:44 IST" duration-ms="4" status="PASS">
          <reporter-output>
          </reporter-output>
        </test-method> <!-- test_one -->
        <test-method signature="test_two()[pri:2, instance:example@1ad282e0]" started-at="2022-06-20T12:30:45 IST" name="test_two" finished-at="2022-06-20T12:30:45 IST" duration-ms="0" status="PASS">
          <reporter-output>
          </reporter-output>
        </test-method> <!-- test_two -->
        <test-method signature="test_three()[pri:3, instance:example@1ad282e0]" started-at="2022-06-20T12:30:45 IST" name="test_three" finished-at="2022-06-20T12:30:45 IST" duration-ms="0" status="PASS">
          <reporter-output>
          </reporter-output>
        </test-method> <!-- test_three -->
        <test-method signature="test_four()[pri:4, instance:example@1ad282e0]" started-at="2022-06-20T12:30:45 IST" name="test_four" finished-at="2022-06-20T12:30:45 IST" duration-ms="0" status="PASS">
          <reporter-output>
          </reporter-output>
        </test-method> <!-- test_four -->
        <test-method signature="test_five()[pri:5, instance:example@1ad282e0]" started-at="2022-06-20T12:30:45 IST" name="test_five" finished-at="2022-06-20T12:30:45 IST" duration-ms="0" status="PASS">
          <reporter-output>
          </reporter-output>
        </test-method> <!-- test_five -->
      </class> <!-- example -->
    </test> <!-- Regression -->
  </suite> <!-- Testing Google Apps -->
</testng-results>
