<?xml version="1.0" encoding="UTF-8"?>
<testsuite xmlns:xsi="http://www.w3.org/2001/XMLSchema-instance" xsi:noNamespaceSchemaLocation="https://maven.apache.org/surefire/maven-surefire-plugin/xsd/surefire-test-report-3.0.xsd" version="3.0" name="TestSuite" time="5.403" tests="5" errors="0" skipped="0" failures="0">
  <properties>
[...]
</properties>
  <testcase name="test_one" classname="example" time="0.005">
    <system-out><![CDATA[Executing test one ]]></system-out>
  </testcase>
  <testcase name="test_two" classname="example" time="0">
    <system-out><![CDATA[Executing test two ]]></system-out>
  </testcase>
  <testcase name="test_three" classname="example" time="0">
    <system-out><![CDATA[Executing test three ]]></system-out>
  </testcase>
  <testcase name="test_four" classname="example" time="0.001">
    <system-out><![CDATA[Executing test four ]]></system-out>
  </testcase>
  <testcase name="test_five" classname="example" time="0">
    <system-out><![CDATA[Executing test five ]]></system-out>
  </testcase>
</testsuite>